<?xml version="1.0" encoding="UTF-8"?>
<!-- Generated by org.testng.reporters.JUnitXMLReporter -->
<testsuite hostname="Newt-PBS114" ignored="0" name="Test" tests="1" failures="1" timestamp="31 May 2018 11:08:16 GMT" time="0.048" errors="0">
  <testcase name="method" time="0.015" classname="com.mercurytours.com.jiraticketraise.Mokka">
    <failure type="java.lang.AssertionError" message="expected [14] but found [13]">
      <![CDATA[java.lang.AssertionError: expected [14] but found [13]
at com.mercurytours.com.jiraticketraise.Mokka.method(Mokka.java:16)
... Removed 31 stack frames]]>
    </failure>
  </testcase> <!-- method -->
</testsuite> <!-- Test -->
